C:\Users\Wei\Documents\Dropbox\Coding\notebooks\工具與技術\MicroPython\firmwares
\ESP32\windows>flash.bat COM15

C:\Users\Wei\Documents\Dropbox\Coding\notebooks\工具與技術\MicroPython\firmwares
\ESP32\windows>D:\Python\scripts\esptool.exe --port COM15 flash_id
esptool.py v2.0.1
Connecting........__
Detecting chip type... ESP32
Chip is ESP32D0WDQ6 (revision 1)
Uploading stub...
Running stub...
Stub running...
Manufacturer: c8
Device: 4018
Detected flash size: 16MB
Hard resetting...

C:\Users\Wei\Documents\Dropbox\Coding\notebooks\工具與技術\MicroPython\firmwares
\ESP32\windows>D:\Python\scripts\esptool.exe --port COM15 erase_flash
esptool.py v2.0.1
Connecting....
Detecting chip type... ESP32
Chip is ESP32D0WDQ6 (revision 1)
Uploading stub...
Running stub...
Stub running...
Erasing flash (this may take a while)...
Chip erase completed successfully in 15.0s
Hard resetting...

C:\Users\Wei\Documents\Dropbox\Coding\notebooks\工具與技術\MicroPython\firmwares
\ESP32\windows>rem D:\Python\scripts\esptool.exe --port COM15 --baud 921600 writ
e_flash --flash_size=detect 0x01000 ..\firmware\MicroPython_ESP32.bin

C:\Users\Wei\Documents\Dropbox\Coding\notebooks\工具與技術\MicroPython\firmwares
\ESP32\windows>D:\Python\scripts\esptool.exe --port COM15 --baud 921600 write_fl
ash --flash_size=detect 0x01000 ..\firmware\MicroPython_ESP32.bin
esptool.py v2.0.1
Connecting....
Detecting chip type... ESP32
Chip is ESP32D0WDQ6 (revision 1)
Uploading stub...
Running stub...
Stub running...
Changing baud rate to 921600
Changed.
Configuring flash size...
Auto-detected Flash size: 16MB
Flash params set to 0x0240
Compressed 902896 bytes to 567148...
Wrote 902896 bytes (567148 compressed) at 0x00001000 in 12.2 seconds (effective
594.4 kbit/s)...
Hash of data verified.

Leaving...
Hard resetting...

C:\Users\Wei\Documents\Dropbox\Coding\notebooks\工具與技術\MicroPython\firmwares
\ESP32\windows>PAUSE
請按任意鍵繼續 . . .

